# JRE version: OpenJDK Runtime Environment (8.0_242-b01) (build 1.8.0_242-release-1644-b01)
# Java VM: OpenJDK 64-Bit Server VM (25.242-b01 mixed mode windows-amd64 compressed oops)
Heap:
 PSYoungGen      total 399872K, used 181793K [0x00000000d5580000, 0x00000000f2880000, 0x0000000100000000)
  eden space 360448K, 46% used [0x00000000d5580000,0x00000000df86e278,0x00000000eb580000)
  from space 39424K, 37% used [0x00000000eb580000,0x00000000ec41a3b8,0x00000000edc00000)
  to   space 37376K, 0% used [0x00000000f0400000,0x00000000f0400000,0x00000000f2880000)
 ParOldGen       total 202752K, used 99242K [0x0000000080000000, 0x000000008c600000, 0x00000000d5580000)
  object space 202752K, 48% used [0x0000000080000000,0x00000000860eab90,0x000000008c600000)
 Metaspace       used 98654K, capacity 103582K, committed 103832K, reserved 1138688K
  class space    used 12997K, capacity 13912K, committed 14000K, reserved 1048576K
GC Heap History (10 events):
Event: 50.961 GC heap before
{Heap before GC invocations=17 (full 3):
 PSYoungGen      total 265216K, used 255644K [0x00000000d5580000, 0x00000000eb000000, 0x0000000100000000)
  eden space 241152K, 100% used [0x00000000d5580000,0x00000000e4100000,0x00000000e4100000)
  from space 24064K, 60% used [0x00000000e4100000,0x00000000e4f272b0,0x00000000e5880000)
  to   space 24576K, 0% used [0x00000000e9800000,0x00000000e9800000,0x00000000eb000000)
 ParOldGen       total 105984K, used 48218K [0x0000000080000000, 0x0000000086780000, 0x00000000d5580000)
  object space 105984K, 45% used [0x0000000080000000,0x0000000082f168c8,0x0000000086780000)
 Metaspace       used 74657K, capacity 77780K, committed 78104K, reserved 1116160K
  class space    used 10058K, capacity 10710K, committed 10800K, reserved 1048576K
Event: 50.991 GC heap after
Heap after GC invocations=17 (full 3):
 PSYoungGen      total 309760K, used 9303K [0x00000000d5580000, 0x00000000ea500000, 0x0000000100000000)
  eden space 296448K, 0% used [0x00000000d5580000,0x00000000d5580000,0x00000000e7700000)
  from space 13312K, 69% used [0x00000000e9800000,0x00000000ea115d50,0x00000000ea500000)
  to   space 23552K, 0% used [0x00000000e7700000,0x00000000e7700000,0x00000000e8e00000)
 ParOldGen       total 105984K, used 48226K [0x0000000080000000, 0x0000000086780000, 0x00000000d5580000)
  object space 105984K, 45% used [0x0000000080000000,0x0000000082f188c8,0x0000000086780000)
 Metaspace       used 74657K, capacity 77780K, committed 78104K, reserved 1116160K
  class space    used 10058K, capacity 10710K, committed 10800K, reserved 1048576K
}
Event: 56.733 GC heap before
{Heap before GC invocations=18 (full 3):
 PSYoungGen      total 309760K, used 305751K [0x00000000d5580000, 0x00000000ea500000, 0x0000000100000000)
  eden space 296448K, 100% used [0x00000000d5580000,0x00000000e7700000,0x00000000e7700000)
  from space 13312K, 69% used [0x00000000e9800000,0x00000000ea115d50,0x00000000ea500000)
  to   space 23552K, 0% used [0x00000000e7700000,0x00000000e7700000,0x00000000e8e00000)
 ParOldGen       total 105984K, used 48226K [0x0000000080000000, 0x0000000086780000, 0x00000000d5580000)
  object space 105984K, 45% used [0x0000000080000000,0x0000000082f188c8,0x0000000086780000)
 Metaspace       used 89060K, capacity 93274K, committed 93592K, reserved 1130496K
  class space    used 12113K, capacity 12890K, committed 12976K, reserved 1048576K
Event: 56.903 GC heap after
Heap after GC invocations=18 (full 3):
 PSYoungGen      total 320000K, used 23550K [0x00000000d5580000, 0x00000000f0f80000, 0x0000000100000000)
  eden space 296448K, 0% used [0x00000000d5580000,0x00000000d5580000,0x00000000e7700000)
  from space 23552K, 99% used [0x00000000e7700000,0x00000000e8dffbe8,0x00000000e8e00000)
  to   space 40960K, 0% used [0x00000000ee780000,0x00000000ee780000,0x00000000f0f80000)
 ParOldGen       total 105984K, used 86375K [0x0000000080000000, 0x0000000086780000, 0x00000000d5580000)
  object space 105984K, 81% used [0x0000000080000000,0x0000000085459c28,0x0000000086780000)
 Metaspace       used 89060K, capacity 93274K, committed 93592K, reserved 1130496K
  class space    used 12113K, capacity 12890K, committed 12976K, reserved 1048576K
}
Event: 56.903 GC heap before
{Heap before GC invocations=19 (full 4):
 PSYoungGen      total 320000K, used 23550K [0x00000000d5580000, 0x00000000f0f80000, 0x0000000100000000)
  eden space 296448K, 0% used [0x00000000d5580000,0x00000000d5580000,0x00000000e7700000)
  from space 23552K, 99% used [0x00000000e7700000,0x00000000e8dffbe8,0x00000000e8e00000)
  to   space 40960K, 0% used [0x00000000ee780000,0x00000000ee780000,0x00000000f0f80000)
 ParOldGen       total 105984K, used 86375K [0x0000000080000000, 0x0000000086780000, 0x00000000d5580000)
  object space 105984K, 81% used [0x0000000080000000,0x0000000085459c28,0x0000000086780000)
 Metaspace       used 89060K, capacity 93274K, committed 93592K, reserved 1130496K
  class space    used 12113K, capacity 12890K, committed 12976K, reserved 1048576K
Event: 57.795 GC heap after
Heap after GC invocations=19 (full 4):
 PSYoungGen      total 320000K, used 0K [0x00000000d5580000, 0x00000000f0f80000, 0x0000000100000000)
  eden space 296448K, 0% used [0x00000000d5580000,0x00000000d5580000,0x00000000e7700000)
  from space 23552K, 0% used [0x00000000e7700000,0x00000000e7700000,0x00000000e8e00000)
  to   space 40960K, 0% used [0x00000000ee780000,0x00000000ee780000,0x00000000f0f80000)
 ParOldGen       total 202752K, used 99226K [0x0000000080000000, 0x000000008c600000, 0x00000000d5580000)
  object space 202752K, 48% used [0x0000000080000000,0x00000000860e6b90,0x000000008c600000)
 Metaspace       used 88873K, capacity 92736K, committed 93592K, reserved 1130496K
  class space    used 12051K, capacity 12781K, committed 12976K, reserved 1048576K
}
Event: 127.690 GC heap before
{Heap before GC invocations=20 (full 4):
 PSYoungGen      total 320000K, used 296448K [0x00000000d5580000, 0x00000000f0f80000, 0x0000000100000000)
  eden space 296448K, 100% used [0x00000000d5580000,0x00000000e7700000,0x00000000e7700000)
  from space 23552K, 0% used [0x00000000e7700000,0x00000000e7700000,0x00000000e8e00000)
  to   space 40960K, 0% used [0x00000000ee780000,0x00000000ee780000,0x00000000f0f80000)
 ParOldGen       total 202752K, used 99226K [0x0000000080000000, 0x000000008c600000, 0x00000000d5580000)
  object space 202752K, 48% used [0x0000000080000000,0x00000000860e6b90,0x000000008c600000)
 Metaspace       used 96479K, capacity 100788K, committed 101016K, reserved 1136640K
  class space    used 12867K, capacity 13667K, committed 13744K, reserved 1048576K
Event: 127.740 GC heap after
Heap after GC invocations=20 (full 4):
 PSYoungGen      total 388096K, used 18994K [0x00000000d5580000, 0x00000000f0280000, 0x0000000100000000)
  eden space 360448K, 0% used [0x00000000d5580000,0x00000000d5580000,0x00000000eb580000)
  from space 27648K, 68% used [0x00000000ee780000,0x00000000efa0c9f0,0x00000000f0280000)
  to   space 39424K, 0% used [0x00000000eb580000,0x00000000eb580000,0x00000000edc00000)
 ParOldGen       total 202752K, used 99234K [0x0000000080000000, 0x000000008c600000, 0x00000000d5580000)
  object space 202752K, 48% used [0x0000000080000000,0x00000000860e8b90,0x000000008c600000)
 Metaspace       used 96479K, capacity 100788K, committed 101016K, reserved 1136640K
  class space    used 12867K, capacity 13667K, committed 13744K, reserved 1048576K
}
Event: 426.606 GC heap before
{Heap before GC invocations=21 (full 4):
 PSYoungGen      total 388096K, used 379442K [0x00000000d5580000, 0x00000000f0280000, 0x0000000100000000)
  eden space 360448K, 100% used [0x00000000d5580000,0x00000000eb580000,0x00000000eb580000)
  from space 27648K, 68% used [0x00000000ee780000,0x00000000efa0c9f0,0x00000000f0280000)
  to   space 39424K, 0% used [0x00000000eb580000,0x00000000eb580000,0x00000000edc00000)
 ParOldGen       total 202752K, used 99234K [0x0000000080000000, 0x000000008c600000, 0x00000000d5580000)
  object space 202752K, 48% used [0x0000000080000000,0x00000000860e8b90,0x000000008c600000)
 Metaspace       used 98088K, capacity 102908K, committed 102936K, reserved 1138688K
  class space    used 12976K, capacity 13863K, committed 13872K, reserved 1048576K
Event: 426.650 GC heap after
Heap after GC invocations=21 (full 4):
 PSYoungGen      total 399872K, used 14952K [0x00000000d5580000, 0x00000000f2880000, 0x0000000100000000)
  eden space 360448K, 0% used [0x00000000d5580000,0x00000000d5580000,0x00000000eb580000)
  from space 39424K, 37% used [0x00000000eb580000,0x00000000ec41a3b8,0x00000000edc00000)
  to   space 37376K, 0% used [0x00000000f0400000,0x00000000f0400000,0x00000000f2880000)
 ParOldGen       total 202752K, used 99242K [0x0000000080000000, 0x000000008c600000, 0x00000000d5580000)
  object space 202752K, 48% used [0x0000000080000000,0x00000000860eab90,0x000000008c600000)
 Metaspace       used 98088K, capacity 102908K, committed 102936K, reserved 1138688K
  class space    used 12976K, capacity 13863K, committed 13872K, reserved 1048576K
}

